0 0 0 65535
2410 0 0 65535
1028 1116 574 65535
2002 1007 831 65535
2516 1609 891 65535
3438 628 0 65535
3234 1243 891 65535
4568 1657 0 65535
3952 878 891 65535
824 2083 634 65535
4413 255 634 65535
4874 161 0 65535
4825 1297 952 65535
1285 1285 1285 65535
4878 2610 815 65535
567 1650 1285 65535
1285 1108 2192 65535
1285 1108 2192 65535
1386 757 1481 65535
1643 1014 1738 65535
2259 1088 1995 65535
2259 1088 1995 65535
1900 1271 1995 65535
1900 1271 1995 65535
1900 1271 1995 65535
1900 1271 1995 65535
1900 1271 1995 65535
1643 925 2192 65535
2516 1345 2252 65535
2516 1345 2252 65535
2516 1345 2252 65535
2516 1345 2252 65535
1542 1365 2449 65535
1542 1365 2449 65535
1542 1365 2449 65535
1542 1365 2449 65535
1542 1365 2449 65535
1900 1359 1542 65535
2157 1528 2252 65535
2157 1528 2252 65535
2157 1528 2252 65535
2157 1528 2252 65535
2157 1528 2252 65535
2157 1528 2252 65535
2157 1528 2252 65535
2157 1528 2252 65535
2157 1528 2252 65535
2157 1528 2252 65535
2157 1528 2252 65535
2157 1528 2252 65535
2157 1528 2252 65535
2157 1528 2252 65535
2157 1528 2252 65535
2157 1616 1799 65535
1900 1183 2449 65535
824 1731 2449 65535
2414 1785 2509 65535
2414 1785 2509 65535
2414 1785 2509 65535
2414 1785 2509 65535
2414 1785 2509 65535
2516 1433 1799 65535
2773 1602 2509 65535
2773 1602 2509 65535
2773 1602 2509 65535
2773 1602 2509 65535
3132 1507 2056 65535
3491 1324 2056 65535
2773 1690 2056 65535
3389 1764 2313 65535
1799 1799 1799 65535
4005 1838 2570 65535
2157 1440 2706 65535
2157 1440 2706 65535
2157 1440 2706 65535
2157 1440 2706 65535
2157 1440 2706 65535
1799 1622 2706 65535
1799 1622 2706 65535
1799 1622 2706 65535
1799 1622 2706 65535
1799 1622 2706 65535
1799 1622 2706 65535
1799 1622 2706 65535
1799 1622 2706 65535
1799 1622 2706 65535
1799 1622 2706 65535
1183 1460 2902 65535
2414 1697 2963 65535
2414 1697 2963 65535
1799 1534 3159 65535
1799 1534 3159 65535
1799 1534 3159 65535
1799 1534 3159 65535
1799 1534 3159 65535
2773 1514 2963 65535
2414 1873 2056 65535
3132 1331 2963 65535
2671 2042 2766 65535
2671 2042 2766 65535
2671 2042 2766 65535
2056 1879 2963 65535
2056 1879 2963 65535
3030 1859 2766 65535
3030 1859 2766 65535
3030 1859 2766 65535
3030 1859 2766 65535
3030 1859 2766 65535
3287 2116 3023 65535
3287 2116 3023 65535
3287 2116 3023 65535
3287 2116 3023 65535
3287 2116 3023 65535
3287 2116 3023 65535
3287 2116 3023 65535
2671 1954 3220 65535
2671 1954 3220 65535
2671 1954 3220 65535
1338 2245 2963 65535
2928 2299 3023 65535
2928 2299 3023 65535
2928 2299 3023 65535
2313 2136 3220 65535
2313 2136 3220 65535
2313 2136 3220 65535
2313 2136 3220 65535
3287 2204 2570 65535
3389 1852 1859 65535
3544 2373 3280 65535
3544 2373 3280 65535
3544 2373 3280 65535
3544 2373 3280 65535
0 1501 3296 65535
2056 1791 3416 65535
4005 2014 1662 65535
2570 2393 3477 65535
2570 2393 3477 65535
2570 2393 3477 65535
2570 2393 3477 65535
3646 2109 2116 65535
4005 1926 2116 65535
2928 2211 3477 65535
2928 2211 3477 65535
3903 2190 3280 65535
3646 1845 3477 65535
4160 2447 3537 65535
4160 2447 3537 65535
1954 2495 2313 65535
4160 2535 3084 65535
4262 2183 2373 65535
4466 1392 1405 65535
3185 2556 3280 65535
3185 2556 3280 65535
3185 2556 3280 65535
4519 2352 3084 65535
2570 2570 2570 65535
4776 2609 3341 65535
2211 2576 3477 65535
3801 2630 3537 65535
3801 2630 3537 65535
3801 2630 3537 65535
3801 2718 3084 65535
2827 2738 3280 65535
3084 2995 3537 65535
3442 2813 3537 65535
3442 2813 3537 65535
3442 2901 3084 65535
4058 2975 3341 65535
4417 2792 3341 65535
4417 2880 2887 65535
1493 3030 3023 65535
4674 3049 3598 65535
4674 3049 3598 65535
0 994 3689 65535
3185 2468 3734 65535
2827 2650 3734 65535
4417 2704 3794 65535
4417 2704 3794 65535
2468 2833 3734 65535
3699 3070 3794 65535
6159 1270 0 65535
6619 735 0 65535
9593 0 0 65535
7594 539 0 65535
11595 105 0 65535
9854 2156 0 65535
7439 0 241 65535
4980 1818 2373 65535
1134 3477 1662 65535
3084 3084 3084 65535
4315 3232 3598 65535
4776 2697 2887 65535
4878 2169 3084 65535
5388 0 1799 65535
5184 762 2766 65535
3956 3415 3598 65535
4315 3320 3144 65535
4674 3137 3144 65535
3956 3679 2237 65535
5033 3042 2690 65535
5033 3131 2237 65535
4931 3394 3401 65535
6110 2406 3144 65535
6261 478 1405 65535
5800 924 2570 65535
5033 2866 3598 65535
5033 2866 3598 65535
5392 2772 3144 65535
5649 3205 2494 65535
5290 3388 2494 65535
6212 1966 2887 65535
4931 3659 2040 65535
5547 3468 3658 65535
5906 3462 2751 65535
5906 3726 1390 65535
5188 3651 3658 65535
7851 708 558 65535
6518 823 1209 65535
11188 1424 1647 65535
6571 1959 1980 65535
8520 1830 2040 65535
11188 1688 286 65535
6930 1689 2433 65535
12827 0 679 65535
6828 2216 2237 65535
9650 2947 89 65535
13031 0 0 65535
14418 131 0 65535
14214 922 800 65535
16470 0 0 65535
6469 2487 1783 65535
10984 2391 1707 65535
8932 2872 2357 65535
10266 2581 2614 65535
16319 1314 2282 65535
16115 2281 2342 65535
13909 2330 1117 65535
7444 2203 2947 65535
7337 0 3220 65535
7599 3076 2554 65535
10164 3021 2871 65535
7599 3164 2100 65535
12114 2891 2932 65535
15344 1334 2478 65535
20320 1144 0 65535
19757 1942 1298 65535
13807 2858 921 65535
7240 3170 3008 65535
16372 2626 2145 65535
20989 1826 3173 65535
8831 3312 2614 65535
19811 2903 2977 65535
16629 2795 2856 65535
14937 3270 2599 65535
3341 3252 3794 65535
4776 2521 3794 65535
4058 2887 3794 65535
4058 2887 3794 65535
4058 2887 3794 65535
6881 3529 2100 65535
15809 3601 3113 65535
11653 3514 3189 65535
12987 3487 2085 65535
21348 2172 451 65535
7342 2554 3658 65535
7240 3082 3461 65535
7856 3156 3718 65535
9704 3555 3582 65535
10062 3372 3582 65535
17861 3560 194 65535
5135 2338 3794 65535
17759 3560 2720 65535
5135 2338 3794 65535
4572 3489 3855 65535
4931 3306 3855 65535
4931 3306 3855 65535
4931 3306 3855 65535
0 3959 0 65535
5290 3123 3855 65535
5290 3123 3855 65535
979 2252 3870 65535
5445 3996 3461 65535
5702 4253 3718 65535
5086 4179 3461 65535
8986 4097 2675 65535
3855 3855 3855 65535
6061 4247 2811 65535
5804 3725 3915 65535
12167 4028 3703 65535
7240 2994 3915 65535
5392 2595 4051 65535
3084 2907 3991 65535
2725 3090 3991 65535
4315 3144 4051 65535
4674 2961 4051 65535
4674 2961 4051 65535
5033 2778 4051 65535
1081 1724 4067 65535
5547 3380 4112 65535
5547 3380 4112 65535
5547 3380 4112 65535
5188 3563 4112 65535
5188 3563 4112 65535
5188 3563 4112 65535
5188 3563 4112 65535
2880 4404 1329 65535
2162 4417 3144 65535
8113 3413 3975 65535
4727 4362 3461 65535
3496 4654 679 65535
7550 4564 4036 65535
4829 3746 4112 65535
3030 1594 4127 65535
2827 2562 4187 65535
3341 3164 4248 65535
3699 2982 4248 65535
4213 3584 4308 65535
4572 3401 4308 65535
4931 3218 4308 65535
4931 3218 4308 65535
3855 3766 4308 65535
5445 3820 4369 65535
5445 3820 4369 65535
5445 3820 4369 65535
5804 3637 4369 65535
5804 3637 4369 65535
5804 3637 4369 65535
6061 3982 4172 65535
1493 2766 4384 65535
6677 4057 4429 65535
3084 2819 4444 65535
3598 3421 4505 65535
4315 3056 4505 65535
5188 3475 4565 65535
4829 3658 4565 65535
4470 3841 4565 65535
5702 4077 4626 65535
5702 4077 4626 65535
6061 3894 4626 65535
6061 3894 4626 65535
6061 3894 4626 65535
6061 3894 4626 65535
2419 4674 3401 65535
8884 5065 210 65535
9141 4706 3642 65535
5959 4422 4429 65535
5857 4950 4232 65535
7293 4219 4232 65535
6216 5032 2871 65535
9602 3907 4293 65535
10373 4942 3703 65535
9655 5132 4610 65535
10630 5199 3960 65535
10116 5302 270 65535
2982 3259 4701 65535
979 2075 4777 65535
4369 4280 4822 65535
2211 2312 4838 65535
3956 3150 4958 65535
6216 4679 4686 65535
4727 4098 4822 65535
6163 3366 4822 65535
6318 4151 4883 65535
6318 4151 4883 65535
6318 4151 4883 65535
6318 4151 4883 65535
4112 3935 5019 65535
4010 4463 4822 65535
12783 4807 331 65535
11449 4306 4156 65535
12012 3067 4550 65535
7652 3948 4686 65535
5600 4517 4883 65535
7599 2635 4822 65535
12526 4991 0 65535
13501 3649 4413 65535
4470 3753 5019 65535
5343 4172 5079 65535
6216 4591 5140 65535
979 1987 5231 65535
5445 3644 5276 65535
2366 3009 5352 65535
877 2427 5488 65535
6575 4408 5140 65535
4267 4720 5079 65535
5140 5140 5140 65535
4727 4010 5276 65535
14015 4427 3567 65535
14990 4230 4277 65535
5959 4246 5336 65535
13244 5154 0 65535
6832 4665 5397 65535
4524 4977 5336 65535
10014 4861 5064 65535
4112 3847 5472 65535
16222 5348 0 65535
6983 2385 5472 65535
16120 4818 5048 65535
15809 3425 4020 65535
12526 3493 5517 65535
15349 4047 4277 65535
16682 3932 3627 65535
17094 4798 4852 65535
5140 5051 5593 65535
5498 4869 5593 65535
5241 4524 5790 65535
5755 5126 5850 65535
0 5711 2433 65535
4112 3759 5926 65535
2264 3360 6062 65535
3598 3069 6319 65535
4883 4618 6243 65535
5397 5308 5850 65535
5654 5565 6107 65535
3345 5789 6500 65535
4417 2175 6516 65535
5654 5654 5654 65535
6114 4855 6304 65535
877 2163 6849 65535
6420 3447 5986 65535
5911 5734 6818 65535
5755 4949 6757 65535
5552 5917 6818 65535
3602 6134 6304 65535
7089 4922 5654 65535
7089 4834 6107 65535
8627 3575 6304 65535
2986 6237 5140 65535
3549 4734 6894 65535
4218 6121 7014 65535
3602 5958 7211 65535
3859 6215 7468 65535
6061 3454 6894 65535
6885 5626 7075 65535
5552 6358 4550 65535
5809 6350 6168 65535
4320 5593 7211 65535
5755 4861 7211 65535
6168 5903 7528 65535
7041 6411 7135 65535
7298 6668 7392 65535
6682 6505 7589 65535
7399 6140 7589 65535
6682 6682 6682 65535
8937 5938 2342 65535
9451 5747 6485 65535
9194 5754 4867 65535
9349 6539 4927 65535
9553 5836 3506 65535
10324 6871 2916 65535
11556 6931 3884 65535
5964 7488 4413 65535
9912 5212 5774 65535
10169 5381 6485 65535
9606 6444 6999 65535
10989 4400 7135 65535
4577 5762 7922 65535
12991 5936 5245 65535
13146 6633 5759 65535
18273 3986 3687 65535
17094 5326 2130 65535
18273 3898 4141 65535
13350 5753 5245 65535
13248 6281 5048 65535
14480 6341 6016 65535
17453 4615 4852 65535
17046 6462 5426 65535
15814 6138 5819 65535
18428 4594 4655 65535
17608 5136 6273 65535
15300 5448 6212 65535
11197 6762 5698 65535
19966 3335 4852 65535
14737 6774 5366 65535
16430 6212 6076 65535
20994 4628 4519 65535
20431 5514 5940 65535
12788 6727 6212 65535
17764 6802 1797 65535
20586 6211 6454 65535
21149 5589 3672 65535
11813 6924 5502 65535
15096 7032 3097 65535
20741 7260 5153 65535
15610 7194 5426 65535
21202 6461 5804 65535
17201 7071 6394 65535
18995 6069 6847 65535
21251 4885 4776 65535
21100 6989 5607 65535
5140 4611 7861 65535
21353 4621 3611 65535
5552 5741 7725 65535
4116 6472 7725 65535
5193 5924 7725 65535
6168 5815 7982 65535
17919 6529 7301 65535
4014 6912 7982 65535
4271 7169 8239 65535
20023 7537 5607 65535
22319 0 0 65535
22735 3017 1480 65535
22686 3977 5683 65535
22686 3889 6137 65535
19509 6583 7361 65535
14019 7669 2644 65535
7812 7270 7453 65535
11968 7357 7377 65535
12584 7695 6273 65535
13559 7763 5623 65535
7196 7108 7649 65535
5760 7927 7196 65535
14431 7829 7497 65535
12841 7864 6983 65535
8684 7601 7967 65535
6221 7128 7846 65535
6168 5727 8436 65535
6323 6512 8496 65535
6837 7114 8557 65535
7196 6931 8557 65535
7710 7533 8617 65535
7967 8055 7513 65535
18074 8107 3279 65535
9402 7147 8420 65535
6017 8184 7453 65535
22381 5737 4186 65535
10275 7655 8027 65535
8684 8306 4338 65535
7608 8238 7513 65535
12943 7072 8541 65535
19461 8247 7936 65535
23103 7732 7799 65535
21153 8037 6832 65535
21973 7056 7482 65535
10377 7127 8224 65535
9916 7837 8027 65535
4010 3670 8905 65535
6323 6424 8950 65535
6323 6336 9403 65535
6580 6593 9660 65535
4528 7338 8950 65535
7453 7100 9267 65535
7094 7195 9721 65535
7710 7445 9071 65535
5707 6085 10054 65535
6837 6850 9917 65535
6478 7033 9917 65535
7094 7107 10174 65535
7094 7107 10174 65535
2578 7203 10250 65535
5658 7750 10628 65535
5295 4867 10644 65535
7351 7364 10431 65535
6119 7039 10825 65535
3093 7805 10311 65535
7967 7526 10235 65535
8122 8135 11202 65535
7608 7709 10235 65535
7506 8061 10945 65535
4887 6715 11218 65535
8326 7519 9328 65535
7506 7973 11399 65535
8224 7959 9585 65535
8379 8304 11913 65535
2729 4482 12594 65535
5299 8726 6545 65535
4838 9965 3627 65535
735 9517 12186 65535
5920 10632 13138 65535
6177 11418 10673 65535
7865 8406 8224 65535
8020 8398 12367 65535
8122 8311 10295 65535
8481 8393 8934 65535
8122 8575 8934 65535
8379 8656 10099 65535
8893 8818 12427 65535
8689 9609 13395 65535
7816 10247 7891 65535
8277 8479 13531 65535
5964 5550 14393 65535
8636 8473 12624 65535
8893 9082 11066 65535
5614 11599 15723 65535
8995 8730 10356 65535
0 11928 9524 65535
7656 4811 16011 65535
6948 12365 10537 65535
9097 8114 11006 65535
9150 8987 13138 65535
9198 7851 9842 65535
9455 8196 9645 65535
7971 9094 17931 65535
9252 8987 10613 65535
7049 10163 19352 65535
9611 8893 10159 65535
9868 9062 10870 65535
10275 7302 9842 65535
9509 9773 8148 65535
9921 10110 12094 65535
9664 10117 10476 65535
9921 10022 12548 65535
10280 9839 12548 65535
10483 9224 10673 65535
9562 10029 13455 65535
9819 10286 13712 65535
10178 10103 13712 65535
10076 10631 13515 65535
10590 10880 15390 65535
10333 10535 15587 65535
2020 8864 23451 65535
9770 11686 15647 65535
9668 12038 16358 65535
8538 10833 18762 65535
10337 12103 23283 65535
7311 13397 20047 65535
5565 13792 13576 65535
10692 10705 13772 65535
7976 13745 9750 65535
10439 14306 9417 65535
6996 7881 24479 65535
17254 8736 4443 65535
13971 8628 6847 65535
12637 9008 6137 65535
15202 9482 3732 65535
13612 8459 8662 65535
14742 9487 7165 65535
16997 8479 4186 65535
16895 9095 3536 65535
18025 9419 5667 65535
17666 9162 7936 65535
16231 10069 7028 65535
11201 9122 9312 65535
10896 10178 11444 65535
11254 9642 13258 65535
10847 11578 13379 65535
11458 9291 10023 65535
12637 8391 9312 65535
11613 10253 9176 65535
12486 10584 9690 65535
12025 10854 11761 65535
12743 10576 11308 65535
11822 11822 11822 65535
12894 8648 9569 65535
12845 10401 9690 65535
13257 11002 12275 65535
13922 9764 10143 65535
13054 12058 11882 65535
11822 12438 8646 65535
14693 10623 10461 65535
11977 12254 13697 65535
14489 11415 11428 65535
15260 11922 13560 65535
15309 10698 10718 65535
16027 11301 5728 65535
15668 11043 7996 65535
15823 11124 11685 65535
16842 6725 9115 65535
17157 11096 10582 65535
16492 12863 9992 65535
13723 13533 11549 65535
17259 10921 8964 65535
18490 11245 8570 65535
14596 13424 14331 65535
10847 11402 14286 65535
14799 12632 13364 65535
14082 12998 13364 65535
15929 13133 14588 65535
12389 13737 11746 65535
11977 12078 14604 65535
11773 13046 14664 65535
12903 13898 14074 65535
12748 12937 14921 65535
19000 9663 4110 65535
19106 11584 7466 65535
16647 12855 14135 65535
18238 12997 13741 65535
14751 14209 14392 65535
18034 13788 14709 65535
11104 11483 15451 65535
11618 12173 15057 65535
12287 13384 16086 65535
12234 12071 16222 65535
12544 13729 15889 65535
14237 13431 15239 65535
5361 14760 13636 65535
10900 12274 16418 65535
13776 13965 15949 65535
13315 14852 14845 65535
14906 14641 16267 65535
12748 12585 16736 65535
11157 12443 17129 65535
11977 11461 17779 65535
10953 13235 18097 65535
12083 14087 17507 65535
13931 14486 17371 65535
11928 13126 18354 65535
12956 14418 18021 65535
14188 14831 17174 65535
14853 12976 18217 65535
16957 14689 12895 65535
1568 17908 11882 65535
12495 15658 15102 65535
10701 16748 14195 65535
16802 13287 16010 65535
17161 14779 7391 65535
17006 12408 15496 65535
18189 14661 14316 65535
17267 15642 16191 65535
18242 16943 9190 65535
16293 15663 16387 65535
18446 14654 15934 65535
14188 14567 18535 65535
7112 17959 17371 65535
16036 15142 17491 65535
12185 13383 18611 65535
15677 15148 18399 65535
11631 20753 18186 65535
13528 19311 18383 65535
12030 12510 19004 65535
11724 13917 19321 65535
12699 13985 18671 65535
13368 15284 19245 65535
12907 15818 19956 65535
14600 15520 19306 65535
17883 15628 16901 65535
18189 14133 17038 65535
19261 11752 10702 65535
18451 17367 17733 65535
18504 18680 17597 65535
19567 11137 6302 65535
19620 11922 8888 65535
20077 9026 4564 65535
20285 10331 8570 65535
20139 14532 14376 65535
15216 15595 19563 65535
15987 16630 18973 65535
15628 16637 19880 65535
16244 16534 21044 65535
14551 16921 21241 65535
16399 17584 19744 65535
16501 16791 21301 65535
17325 19052 21029 65535
17374 17563 19547 65535
19780 15244 11654 65535
11166 17605 22088 65535
19425 17523 16629 65535
19682 17251 19608 65535
18606 17623 20515 65535
18349 17631 18897 65535
20250 18990 20439 65535
19789 19436 21603 65535
20041 17509 17340 65535
20444 13917 9976 65535
20453 18198 19471 65535
20555 18111 17400 65535
20609 18807 20439 65535
20458 20912 21270 65535
16709 18713 22133 65535
18712 19809 22511 65535
20799 11198 7270 65535
20950 9005 6892 65535
18145 17806 23040 65535
15429 20053 23100 65535
21158 10927 7723 65535
21366 12584 9916 65535
21978 10386 6106 65535
21317 14072 11397 65535
21269 15825 11518 65535
21114 14423 14633 65535
22079 9329 9024 65535
21632 17034 20122 65535
21069 19066 15646 65535
21933 14940 7572 65535
22146 18077 17914 65535
16350 18543 23947 65535
22496 13965 6604 65535
22354 19558 21013 65535
23457 5541 2371 65535
22540 8706 8767 65535
23914 2205 315 65535
23816 5182 3279 65535
23976 8151 7860 65535
24122 3598 3868 65535
23006 11766 5319 65535
23980 11922 4215 65535
23675 12184 10430 65535
22549 14573 10097 65535
24131 8936 7920 65535
23932 13058 7511 65535
11786 21714 17340 65535
10351 21564 21876 65535
22700 11940 11987 65535
23218 15696 11579 65535
23325 17441 15842 65535
21535 20187 22178 65535
21690 21060 21784 65535
18251 20079 24582 65535
20715 20640 24249 65535
8848 11169 25234 65535
4400 21687 25581 65535
19075 22163 25217 65535
19536 22685 19063 65535
21641 22460 23720 65535
21796 22805 26048 65535
22509 20607 19713 65535
10749 12528 26776 65535
13484 23864 19849 65535
21180 23171 23523 65535
22713 19727 19199 65535
22102 22014 22555 65535
23431 19890 16477 65535
22509 20254 21527 65535
23586 19970 20167 65535
23484 20586 19516 65535
21025 21769 26638 65535
21437 22811 26956 65535
23183 23562 27530 65535
21694 23068 27213 65535
22053 23062 26305 65535
22567 23576 26819 65535
23799 23724 27333 65535
23542 23731 25715 65535
8029 11358 28666 65535
647 16158 27820 65535
17015 16072 28166 65535
20103 22838 28059 65535
20617 23352 28573 65535
17693 23502 28710 65535
22155 25353 11986 65535
23595 24427 28755 65535
23852 24773 28558 65535
24490 9899 2023 65535
24277 4471 3475 65535
22979 24265 28951 65535
24056 23981 27590 65535
24109 24941 29269 65535
24295 15324 10671 65535
24344 14452 6014 65535
24455 18734 12984 65535
24109 25118 28361 65535
24543 9890 8691 65535
24610 18990 15766 65535
24570 24935 25836 65535
22465 23575 29344 65535
24641 7266 3913 65535
24791 4897 4443 65535
24805 12684 11654 65535
24760 18295 7677 65535
21388 24035 29798 65535
10342 13847 30072 65535
24955 11108 8101 65535
25097 3401 4579 65535
25261 9613 8237 65535
25062 13205 10551 65535
25110 11453 10430 65535
25026 21247 25595 65535
25026 22040 21512 65535
25279 20553 14980 65535
25186 24569 28361 65535
13067 17466 31342 65535
23391 25043 30629 65535
23493 24603 30372 65535
25186 25098 25640 65535
25345 0 0 65535
24366 25727 26804 65535
24982 25361 29329 65535
6819 26273 29436 65535
4134 13889 32613 65535
16869 20361 33519 65535
25460 5756 7285 65535
25483 19497 15373 65535
24880 25712 30040 65535
23391 24778 31990 65535
24521 25543 31854 65535
24162 25814 31400 65535
24623 25103 31597 65535
24880 25624 30493 65535
25239 25530 30040 65535
10103 25324 32475 65535
25137 25881 30750 65535
25137 25881 30750 65535
25292 26490 31718 65535
25190 26930 31975 65535
20316 27385 31143 65535
25518 9693 9402 65535
25594 23691 22797 65535
25394 26138 31007 65535
25549 26659 32429 65535
23702 25996 33926 65535
25549 26571 32882 65535
25970 3821 4639 65535
25770 7413 6952 65535
25926 7934 8374 65535
26174 3205 2765 65535
26484 5392 0 65535
26541 8096 8177 65535
26493 9409 10566 65535
27556 1514 1086 65535
29661 2257 753 65535
28841 2887 1918 65535
32537 3860 738 65535
27459 5019 1328 65535
27818 4836 1328 65535
27304 3441 5350 65535
28744 5775 5335 65535
29204 5505 3263 65535
30330 3028 4050 65535
32129 5355 3127 65535
30897 4678 5335 65535
30848 6255 6363 65535
33259 5767 4805 65535
28642 6744 2870 65535
33768 4097 798 65535
35000 3981 2673 65535
38182 3912 3701 65535
30746 7400 2991 65535
34593 5476 5062 65535
28797 7088 5198 65535
37366 7695 4396 65535
27977 7894 5455 65535
32594 7094 6483 65535
34699 7925 5697 65535
30800 8008 6483 65535
31930 8508 7708 65535
27259 7731 8177 65535
30543 7486 7587 65535
30543 7398 8041 65535
33777 8995 7118 65535
32647 8054 8162 65535
39258 3364 3701 65535
28903 9097 8101 65535
29980 8461 8555 65535
32342 9638 7572 65535
29417 9787 7708 65535
29054 6729 8631 65535
36804 8405 6725 65535
36086 8594 7632 65535
36857 9366 8403 65535
37575 9176 7496 65535
31624 10092 7118 65535
39981 6328 2325 65535
41571 5677 6014 65535
37269 10407 8720 65535
36396 9988 8660 65535
41678 8214 6195 65535
34393 8804 8736 65535
35421 10009 8857 65535
29417 9523 9069 65535
31983 9468 9386 65535
33777 8642 8933 65535
29417 9435 9523 65535
32187 8412 9780 65535
27982 10166 9523 65535
35474 11233 9174 65535
32138 11222 4457 65535
28341 9807 10430 65535
33011 10584 9961 65535
33884 11004 10021 65535
31779 10260 10354 65535
31318 10970 10157 65535
33884 10827 10928 65535
34345 10293 10218 65535
35833 11139 8720 65535
37526 10400 10338 65535
36396 9636 10475 65535
37477 12241 10006 65535
37065 10935 11049 65535
40092 10609 9295 65535
37783 10921 9234 65535
28806 12867 6982 65535
42289 5399 5561 65535
39631 11144 10006 65535
40349 10866 9552 65535
43313 4155 2521 65535
38297 11259 10656 65535
38554 11692 10006 65535
38554 11516 10913 65535
30911 12730 11185 65535
38966 12646 10777 65535
39684 12193 11230 65535
38452 12220 9809 65535
43122 12821 10247 65535
44766 14011 11078 65535
25731 14857 9310 65535
44306 14810 10428 65535
44850 2895 2718 65535
32501 13929 5348 65535
44660 11914 8629 65535
42201 13978 11215 65535
45107 3152 2975 65535
33374 13731 8584 65535
33321 11890 11442 65535
29626 11092 11715 65535
32346 11822 12093 65535
36556 13134 12334 65535
34708 12735 12470 65535
35324 12897 12274 65535
33117 12593 12864 65535
39223 12727 11941 65535
39941 12361 11941 65535
38709 12037 12334 65535
27782 13495 13196 65535
41173 12686 11548 65535
45675 4627 5167 65535
46339 3301 3489 65535
44611 12962 12379 65535
30964 13602 13317 65535
44150 13761 11729 65535
43535 13599 11925 65535
42919 13436 12122 65535
35532 14995 12198 65535
33631 13019 13831 65535
43588 14735 12696 65535
40251 13667 13422 65535
39431 14649 12772 65535
42662 13003 12772 65535
38917 13870 13619 65535
38200 14148 14073 65535
41071 12685 14073 65535
44301 11216 13165 65535
44461 15067 13210 65535
43947 14288 14057 65535
34557 14663 14209 65535
27220 15350 9628 65535
30503 15546 6770 65535
31633 15430 11170 65535
27530 16480 12017 65535
26196 16419 13574 65535
26298 15803 14224 65535
40818 15670 12893 65535
45382 13821 12696 65535
42254 14674 14254 65535
41434 15480 14511 65535
46614 14146 12303 65535
46614 14058 12757 65535
46512 14498 13014 65535
47372 6954 6770 65535
45949 15560 13528 65535
47283 15445 12877 65535
44616 16028 12363 65535
44873 16109 13528 65535
44616 15675 14178 65535
47438 15965 14299 65535
42821 16501 14632 65535
46822 15803 14495 65535
27375 16664 6966 65535
27326 17800 10263 65535
27942 18931 5076 65535
28611 18909 12455 65535
28509 18996 14526 65535
27432 20161 11351 65535
29736 17577 7344 65535
30405 18435 10187 65535
29227 18983 12712 65535
29382 19680 13226 65535
31691 19279 13740 65535
32404 15584 15116 65535
27742 21907 10564 65535
33024 19164 13090 65535
32413 22332 11910 65535
26870 20519 15494 65535
31540 21384 14571 65535
30924 21045 15675 65535
27747 24180 14632 65535
26661 18157 16931 65535
28766 18812 17052 65535
29488 21600 16582 65535
30104 21498 17747 65535
31544 24097 16370 65535
34110 25275 10337 65535
33441 22919 15206 65535
25895 20099 17959 65535
25952 24565 17353 65535
36817 17337 8039 65535
35226 15874 15237 65535
36458 15934 16205 65535
37074 15920 16915 65535
40256 16380 15221 65535
38514 18343 16446 65535
41080 18816 14042 65535
43743 15080 15025 65535
45028 16717 14495 65535
45387 16358 15403 65535
46614 13617 15025 65535
42976 17462 13785 65535
46158 17305 15266 65535
42923 15797 15735 65535
46924 15099 15599 65535
46056 17657 15977 65535
42617 17205 16053 65535
44722 18037 15266 65535
43543 19113 15070 65535
42462 16244 16900 65535
47031 17725 15327 65535
46619 16419 16370 65535
47288 18158 14676 65535
43543 18408 18699 65535
42467 19133 17792 65535
45134 18638 17852 65535
45338 17582 18245 65535
36259 20144 15342 65535
46109 18441 18563 65535
25638 19577 19063 65535
42520 20534 17202 65535
45086 20655 16612 65535
46623 19308 17262 65535
47545 18591 14026 65535
34362 20881 18775 65535
34978 21748 14949 65535
37083 22051 16884 65535
47700 19112 15447 65535
47394 20784 14404 65535
47753 19896 18033 65535
46264 19138 19077 65535
46729 21581 18804 65535
48355 12183 11078 65535
48054 16304 13195 65535
48617 15065 13588 65535
48962 7272 5469 65535
49330 12691 8160 65535
49432 11194 13347 65535
49082 17244 14676 65535
48466 17082 14873 65535
49339 17589 14480 65535
49339 17413 15387 65535
48263 18049 14933 65535
49902 16438 14419 65535
49955 17663 14737 65535
49853 17927 15901 65535
50416 16864 15387 65535
48364 17345 16037 65535
49751 18367 16158 65535
48675 19091 15251 65535
49649 18895 15961 65535
50726 18610 14601 65535
31903 23474 18638 65535
34624 24997 14933 65535
35754 25585 15704 65535
31651 26370 17912 65535
38111 23344 16551 65535
34216 26491 17322 65535
36166 26098 18744 65535
48621 17602 16294 65535
48777 18299 16808 65535
49291 18901 16869 65535
48670 15497 17988 65535
48214 19273 17776 65535
48626 20315 18093 65535
48626 20139 19001 65535
49756 20815 19318 65535
32258 19873 20468 65535
30007 24475 20710 65535
39343 24109 13890 65535
39192 25861 16536 65535
34012 27547 16929 65535
36782 25996 19908 65535
36423 26179 19908 65535
38426 28067 16203 65535
40017 27945 17171 65535
39963 26456 18214 65535
41452 26949 18532 65535
41762 28960 16384 65535
42790 30516 14690 65535
38581 28236 19439 65535
35133 21388 20907 65535
50828 18082 14797 65535
50881 18955 16929 65535
50571 17297 17262 65535
50062 19936 16279 65535
45094 28108 9776 65535
45201 29148 17669 65535
22984 29005 20317 65535
37912 26672 20225 65535
42892 29019 19877 65535
44793 30643 20058 65535
44217 22597 20165 65535
50062 20113 15372 65535
47000 31563 16293 65535
46539 32186 16550 65535
46796 32443 16807 65535
46229 30440 17336 65535
49499 20999 16793 65535
50580 22899 19953 65535
49295 21350 20029 65535
49091 22318 20089 65535
50576 20274 17700 65535
50066 22297 19892 65535
47053 33141 14796 65535
47310 32957 17321 65535
47669 32598 18228 65535
50731 21147 17307 65535
37252 31240 20981 65535
49521 35974 18530 65535
50137 35784 20148 65535
50292 36657 19755 65535
49299 24327 20467 65535
50035 36224 20405 65535
50784 21843 20346 65535
25137 27643 21678 65535
42334 32971 21283 65535
38271 26225 21586 65535
50934 20180 17246 65535
45600 20376 21208 65535
26006 24204 25836 65535
25700 24907 29783 65535
25908 26652 31521 65535
26010 26213 31264 65535
26063 27349 32035 65535
26112 26301 28285 65535
26316 25157 29132 65535
26418 25334 25700 65535
25806 27004 32232 65535
26471 25678 30554 65535
26320 27518 32746 65535
25704 27444 32489 65535
25806 26828 33139 65535
26622 24543 24732 65535
26879 24976 24082 65535
26679 27159 33653 65535
26679 27247 33200 65535
26883 26720 30871 65535
27082 24184 23114 65535
26577 27951 32096 65535
26422 28047 27499 65535
29440 22384 21693 65535
27136 25409 23432 65535
28828 24935 23689 65535
29754 26755 23159 65535
32475 27397 23991 65535
35754 24263 22509 65535
39959 22597 22312 65535
39454 28214 21767 65535
41142 24675 22040 65535
33197 30009 24429 65535
8056 30896 22676 65535
41767 30615 23627 65535
43969 28118 21691 65535
40123 29073 24610 65535
40074 30914 24277 65535
43978 33985 23021 65535
40850 34926 24125 65535
27242 26801 29510 65535
27703 26267 28799 65535
29652 26666 26138 65535
16213 29316 27454 65535
14933 30832 27514 65535
21654 31128 26395 65535
26475 28215 33260 65535
28474 27655 26395 65535
28270 28446 27363 65535
27756 27227 30478 65535
28372 27301 30735 65535
28527 28086 30795 65535
27091 28289 33517 65535
29143 29042 26516 65535
18561 19711 34683 65535
27246 29250 32670 65535
27246 28986 34031 65535
28580 28871 33381 65535
29861 28059 29691 65535
29351 29994 32337 65535
29967 29980 33048 65535
30069 30157 29615 65535
31602 26449 26652 65535
30685 30319 29419 65535
32019 29940 30129 65535
18783 31181 33653 65535
21238 25171 35619 65535
30326 29974 32140 65535
32843 31671 32579 65535
29249 29729 36223 65535
30122 30765 33108 65535
31713 30819 33169 65535
23453 31429 35906 65535
25403 31300 35966 65535
2605 20310 37375 65535
6252 22772 37677 65535
9704 33214 33472 65535
33095 30272 25593 65535
38324 26745 25533 65535
37150 30535 27135 65535
40845 31508 25955 65535
40996 29052 26938 65535
16834 32544 27242 65535
13603 33837 29056 65535
24176 35627 28179 65535
36999 32991 26152 65535
33406 30785 31157 65535
34487 33478 30235 65535
38745 33742 26726 65535
12978 26134 36542 65535
18633 33638 32670 65535
33565 33931 34831 65535
15965 34221 32156 65535
31101 33281 35618 65535
26790 32234 36541 65535
34336 34790 35149 65535
33002 35081 34892 65535
26431 32328 36994 65535
27406 32220 37251 65535
39565 32055 31006 65535
36591 33429 33984 65535
39928 35026 30536 65535
38337 34444 33198 65535
32435 32814 36782 65535
26431 32240 37448 65535
41054 33518 26333 65535
41470 35599 37068 65535
41417 34991 33576 65535
34540 33734 35542 65535
38953 34166 35269 65535
41470 35775 36161 65535
11999 22912 37662 65535
27561 32917 37765 65535
29307 33755 37886 65535
27202 33011 38219 65535
27716 33613 38279 65535
27202 32923 38672 65535
27973 33870 38536 65535
28434 33160 38733 65535
908 17190 39856 65535
28080 37201 34635 65535
27716 33437 39186 65535
25456 31908 39459 65535
28589 33768 39700 65535
28744 34553 39761 65535
20485 36574 35240 65535
31159 36779 40002 65535
34646 35655 38898 65535
38803 36623 34286 65535
37008 36920 37462 65535
37983 36723 38172 65535
25824 38209 37613 65535
32648 38858 32154 65535
35878 35803 39412 65535
36343 38158 39594 65535
30902 36434 40199 65535
34651 38456 40244 65535
3346 34655 40473 65535
39937 39307 40032 65535
19709 31504 40835 65535
29360 34451 40925 65535
30747 35561 40592 65535
40291 37292 33696 65535
30131 35310 41243 65535
40961 37974 37446 65535
30902 36258 41106 65535
37628 40236 36796 65535
30907 39323 41091 65535
40504 41222 39956 65535
6102 24260 41684 65535
41767 29999 26802 65535
40247 40613 41513 65535
35471 37298 41801 65535
41736 41635 39109 65535
42392 37085 22492 65535
43256 30404 27573 65535
41980 34105 32154 65535
44829 19165 22706 65535
44443 34402 33182 65535
44142 39051 32577 65535
7236 28002 41986 65535
43575 36431 36282 65535
43220 39063 39442 65535
45099 28618 22916 65535
44709 39468 40213 65535
42299 40220 40409 65535
17099 36113 41984 65535
29830 39695 41998 65535
45276 41031 41952 65535
33007 36737 42134 65535
51342 18420 16218 65535
51036 19916 16082 65535
51293 19997 17246 65535
51191 20525 17050 65535
51395 19645 16536 65535
51351 23935 19363 65535
21858 26989 42665 65535
23059 42121 38248 65535
21460 34967 43209 65535
2605 19077 43726 65535
9084 27872 44571 65535
30184 36271 42921 65535
27158 36772 43768 65535
0 28985 45630 65535
32803 37617 42648 65535
32497 38760 44327 65535
33215 38747 42512 65535
31881 38422 45430 65535
24016 28341 45825 65535
29409 31729 45794 65535
30703 39322 46141 65535
1077 25498 48488 65535
7608 35694 48744 65535
9757 31708 47852 65535
30747 34063 48304 65535
30193 41257 48787 65535
5207 42753 48002 65535
34084 35484 45763 65535
0 36684 50770 65535
479 37245 50438 65535
3288 28339 50605 65535
231 43031 50603 65535
11109 43150 50769 65535
14087 44577 49135 65535
2282 42286 51314 65535
426 35668 51935 65535
386 43552 52024 65535
31531 43502 51750 65535
30047 45986 51871 65535
34549 38455 42769 65535
35471 36329 46791 65535
34558 43265 49543 65535
36295 39294 42890 65535
38603 38982 42950 65535
34150 45641 47395 65535
37332 46189 45248 65535
40655 38413 42754 65535
42250 41708 41891 65535
42405 42405 42405 65535
40557 43152 36644 65535
43070 41343 39366 65535
43380 42120 43569 65535
43433 43257 44340 65535
36250 42967 48892 65535
43943 42115 37612 65535
43947 43947 43947 65535
41953 48454 46260 65535
44616 45070 45429 65535
41537 43994 47773 65535
44718 44806 44265 65535
44000 45701 41543 65535
33379 44077 50707 65535
43801 47972 50660 65535
44820 44631 42647 65535
36614 45409 51145 65535
36769 46106 51659 65535
5318 47739 51343 65535
40363 47343 51643 65535
44213 48926 51431 65535
42365 48439 52021 65535
44873 45327 45686 65535
44984 49697 52202 65535
45330 42079 43176 65535
45432 42961 36115 65535
42263 48879 52278 65535
0 45142 52342 65535
45489 45577 45036 65535
10090 47724 52432 65535
45622 34735 26121 65535
46034 35689 26892 65535
47000 29449 27180 65535
46136 36130 22099 65535
47164 36453 26756 65535
46809 38820 31276 65535
48183 31702 26000 65535
48298 42309 16170 65535
48400 39931 25893 65535
45835 37696 37370 65535
47789 40544 37869 65535
46300 39786 38912 65535
49579 38855 26090 65535
49371 36317 28434 65535
47895 44403 31245 65535
49831 34461 34528 65535
50040 38849 22657 65535
50248 39008 32561 65535
46615 44069 40832 65535
48768 42884 41286 65535
48768 43236 39471 65535
46096 40137 42148 65535
46717 42924 44204 65535
46872 43621 44718 65535
46309 44772 44779 65535
47182 45279 44385 65535
46517 47310 42435 65535
45697 47235 47228 65535
47492 46497 46321 65535
46827 48175 46184 65535
48821 43668 43871 65535
48259 44555 45293 65535
49388 45143 46064 65535
50266 48628 46108 65535
48569 46477 43599 65535
50058 46354 47092 65535
48671 47359 36537 65535
51165 36900 20722 65535
46672 46774 49299 65535
49189 48559 49284 65535
51276 41534 25878 65535
48777 47782 47606 65535
48573 48573 48573 65535
50674 46604 46441 65535
50470 47219 48316 65535
48316 48140 49224 65535
46211 47396 49556 65535
46468 47829 48906 65535
48214 48756 48573 65535
46265 48709 49420 65535
51581 8177 7465 65535
47395 49121 51098 65535
47036 49480 50191 65535
48268 49452 51612 65535
49703 49426 47983 65535
51444 18157 15054 65535
51502 21742 18985 65535
48626 49798 48891 65535
47550 49906 51159 65535
50164 48363 49995 65535
49858 49770 50312 65535
48423 50501 50312 65535
50988 50535 50176 65535
49397 50657 49208 65535
49756 50034 51476 65535
51475 38206 22204 65535
51396 48775 49148 65535
50527 51245 49979 65535
51502 51049 50690 65535
51652 19726 17700 65535
51551 49384 50115 65535
46473 50278 52066 65535
740 40215 52494 65535
45241 49954 52459 65535
51143 51055 51597 65535
49858 49418 52126 65535
50168 51340 50433 65535
49654 50562 51280 65535
51502 51137 50236 65535
51958 18847 14661 65535
52215 18928 15825 65535
51856 18934 16732 65535
52676 18129 16475 65535
52166 20504 16853 65535
52782 20578 17110 65535
4635 36891 52630 65535
52064 20768 18018 65535
51732 38551 22007 65535
51812 23224 19560 65535
51825 30747 28132 65535
51905 46664 47409 65535
52016 21639 22675 65535
52105 45626 31941 65535
51910 50170 45125 65535
52065 50427 47907 65535
52476 21722 18789 65535
52375 21985 19953 65535
52441 30821 28389 65535
52371 49460 45322 65535
52477 50852 51400 65535
52477 50764 51854 65535
52016 51474 51657 65535
51861 51482 47514 65535
52835 21627 18335 65535
52937 20923 19439 65535
52844 26701 23747 65535
53194 21532 17881 65535
53092 21708 19499 65535
52867 40883 29567 65535
44111 49189 52596 65535
44470 49006 52596 65535
44984 49609 52656 65535
28089 39808 52749 65535
39184 48155 52808 65535
44009 49629 52853 65535
45241 49866 52913 65535
45241 49866 52913 65535
45241 49866 52913 65535
45241 49866 52913 65535
45241 49866 52913 65535
5007 45817 53037 65535
42520 49047 52989 65535
2234 43686 53249 65535
42622 48520 53185 65535
44727 49175 53306 65535
1409 41426 53522 65535
31226 44645 53429 65535
15939 47160 53520 65535
42676 49744 53503 65535
45387 44431 53458 65535
52721 44379 39002 65535
52831 48220 48240 65535
52938 51110 46607 65535
51192 52034 37414 65535
51095 52720 52171 65535
51555 52273 51007 65535
52016 51563 51204 65535
52632 51901 50100 65535
53235 46126 33165 65535
52991 51542 51007 65535
52685 52773 52232 65535
52118 52620 43235 65535
45498 50211 52716 65535
45857 50028 52716 65535
46114 50285 52973 65535
53390 46823 33679 65535
53708 21518 21117 65535
53863 22743 18909 65535
53961 19678 16400 65535
53965 22215 19106 65535
48733 51631 52701 65535
45755 50468 52973 65535
51657 51393 53018 65535
50372 49844 53094 65535
45498 50123 53170 65535
45498 50123 53170 65535
45755 50380 53427 65535
53403 52232 53139 65535
48476 51198 53351 65535
51555 51833 53275 65535
53505 52232 50614 65535
53762 52137 52685 65535
53044 52414 53139 65535
52787 52069 53336 65535
54116 20375 16914 65535
50736 52991 51718 65535
52583 53213 52489 65535
76 41630 53718 65535
54072 53619 53260 65535
53199 53111 53653 65535
54015 50386 47514 65535
54068 50994 51007 65535
40420 51281 53760 65535
54174 53267 52549 65535
53456 53633 52549 65535
30716 47021 53806 65535
21983 39586 54125 65535
41435 43289 53927 65535
43190 50258 54017 65535
23529 44458 54291 65535
33592 48535 54244 65535
41289 48547 54289 65535
40934 51795 54274 65535
37079 47147 54501 65535
3829 46541 54655 65535
37957 50632 54546 65535
46012 50460 54591 65535
45605 52396 54712 65535
46783 51319 54909 65535
19364 38152 54852 65535
1307 41602 55140 65535
31128 47886 55031 65535
49504 52226 54379 65535
51555 51569 54636 65535
186 46968 55245 65535
50275 53085 54696 65535
52738 53470 55271 65535
53097 53375 54817 65535
2291 47536 55819 65535
8654 47839 55607 65535
15673 40244 56016 65535
31696 49537 56316 65535
20042 45406 56302 65535
7471 45585 56787 65535
28253 45931 56861 65535
19333 51814 56725 65535
17117 45379 57346 65535
32981 50822 57601 65535
12456 50733 57784 65535
54254 42081 28781 65535
54630 20713 18335 65535
54812 36367 36448 65535
54932 48277 35675 65535
54325 51955 47635 65535
53354 53808 54167 65535
53660 52312 54303 65535
54072 53442 54167 65535
54378 53180 47952 65535
54329 53699 54424 65535
54533 53348 51188 65535
54688 53605 53970 65535
54741 54653 55195 65535
55237 47310 33089 65535
54790 53165 53713 65535
55149 53423 51445 65535
55096 51757 53396 65535
54125 54491 55392 65535
55353 52102 53199 65535
54998 54910 55452 65535
51046 53856 55467 65535
54998 55086 54545 65535
55255 55167 55709 65535
54843 55183 49948 65535
47661 54628 55861 65535
54998 54822 55906 65535
43491 45345 55983 65535
53354 53456 55981 65535
46836 52368 56133 65535
49047 55738 55528 65535
56128 26104 24972 65535
56757 34846 27904 65535
56004 45720 30247 65535
56571 47547 30625 65535
56376 52444 41995 65535
55765 53409 52156 65535
56740 53652 50598 65535
56279 54011 52216 65535
44630 52152 56269 65535
40371 52417 57056 65535
49096 53809 56314 65535
50944 54207 56178 65535
51046 53503 57282 65535
58184 29658 19316 65535
56332 55147 52987 65535
55769 55681 56223 65535
56948 55045 54151 65535
53665 54849 57009 65535
55973 55066 54348 65535
56128 55498 56223 65535
56385 55755 56480 65535
56026 55938 56480 65535
56026 56026 56026 65535
56283 56195 56737 65535
56434 54091 55906 65535
23644 52510 57617 65535
56793 54084 54998 65535
56846 55309 55316 65535
56540 56452 56994 65535
56540 56628 56087 65535
56797 56709 57251 65535
56899 56269 56994 65535
57054 56966 57508 65535
55566 56385 57644 65535
55105 57095 57448 65535
52127 55932 57720 65535
57311 57223 57765 65535
57506 53120 42312 65535
57360 55735 56283 65535
57617 56080 56087 65535
57923 54672 55769 65535
57772 56865 56147 65535
57413 57048 56147 65535
58109 46552 29460 65535
50483 54566 57796 65535
41138 50123 57843 65535
56181 56459 57901 65535
25643 50540 58010 65535
57568 57480 58022 65535
58233 56507 54529 65535
16976 53615 58146 65535
16409 51700 58222 65535
57825 57737 58279 65535
57825 57737 58279 65535
58685 52484 40241 65535
58543 57548 57372 65535
58747 56580 57311 65535
58800 57717 58082 65535
58543 57812 56011 65535
59030 43633 37565 65535
46686 54208 58326 65535
58441 58164 56721 65535
57054 56790 58415 65535
59159 57446 58536 65535
57365 58360 58536 65535
58082 57994 58536 65535
57466 58096 57372 65535
57723 58353 57629 65535
59562 53678 52080 65535
59416 57791 58339 65535
59673 58048 58596 65535
59314 58231 58596 65535
58596 58596 58596 65535
51618 58748 55830 65535
3266 46899 58798 65535
39707 53743 58734 65535
58339 58251 58793 65535
58339 58251 58793 65535
57054 56702 58869 65535
57723 58089 58990 65535
58596 58508 59050 65535
58596 58508 59050 65535
58596 58508 59050 65535
58596 58508 59050 65535
23184 52868 59234 65535
58698 57980 59247 65535
58853 58765 59307 65535
58853 58765 59307 65535
58853 58765 59307 65535
58853 58765 59307 65535
24411 50039 59310 65535
58441 57635 59443 65535
59057 57886 58793 65535
59110 59022 59564 65535
59110 59022 59564 65535
59110 59022 59564 65535
59110 59022 59564 65535
55823 56289 59716 65535
58494 58860 59761 65535
59367 59279 59821 65535
59367 59279 59821 65535
59367 59279 59821 65535
59367 59279 59821 65535
59571 58488 58853 65535
59571 58488 58853 65535
57927 56945 59837 65535
57161 59328 58596 65535
59159 57182 59897 65535
59624 59536 60078 65535
59624 59536 60078 65535
59624 59536 60078 65535
59624 59536 60078 65535
59624 59536 60078 65535
59624 59536 60078 65535
59624 59536 60078 65535
59828 58745 59110 65535
59828 58745 59110 65535
59868 53240 46773 65535
48790 54511 60261 65535
59624 59713 59171 65535
59881 59793 60335 65535
59881 59793 60335 65535
59881 59793 60335 65535
59881 59793 60335 65535
59881 59793 60335 65535
59881 59793 60335 65535
59930 58305 58853 65535
60085 59002 59367 65535
60085 59002 59367 65535
60085 59002 59367 65535
60085 59002 59367 65535
60187 58562 59110 65535
60342 59259 59624 65535
60342 59259 59624 65535
60342 59259 59624 65535
60342 59259 59624 65535
60342 59259 59624 65535
60342 59259 59624 65535
60360 41950 29219 65535
60342 59347 59171 65535
60599 59516 59881 65535
60599 59516 59881 65535
60599 59516 59881 65535
60599 59516 59881 65535
60701 59076 59624 65535
60799 56187 56207 65535
60856 59773 60138 65535
60856 59773 60138 65535
60856 59773 60138 65535
60856 59773 60138 65535
60856 59773 60138 65535
60958 59333 59881 65535
60958 59333 59881 65535
61215 59590 60138 65535
61215 59590 60138 65535
61215 59590 60138 65535
61215 59590 60138 65535
61215 59590 60138 65535
61215 59590 60138 65535
61308 54164 54015 65535
61468 57310 57689 65535
61472 59847 60395 65535
61472 59847 60395 65535
61472 59847 60395 65535
55517 57609 60487 65535
59881 59881 59881 65535
60138 60050 60592 65535
60138 60050 60592 65535
60138 60050 60592 65535
60138 60050 60592 65535
60138 60050 60592 65535
60138 60050 60592 65535
60138 60050 60592 65535
60138 60050 60592 65535
29600 54131 60701 65535
60342 59083 60532 65535
60395 60307 60849 65535
60395 60307 60849 65535
60395 60307 60849 65535
60395 60307 60849 65535
60395 60307 60849 65535
60395 60307 60849 65535
60395 60307 60849 65535
18008 57356 60973 65535
59983 59177 60985 65535
60497 59779 61046 65535
60138 60315 59231 65535
60652 60564 61106 65535
60652 60564 61106 65535
60652 60564 61106 65535
60754 60124 60849 65535
60754 60213 60395 65535
60037 60402 61303 65535
60652 60476 61560 65535
11432 51802 61730 65535
60754 60301 59942 65535
15575 42516 62608 65535
61676 59320 58067 65535
61729 60104 60652 65535
61831 59752 59942 65535
7586 53197 62380 65535
29294 55186 62832 65535
59164 60776 57160 65535
60909 60821 61363 65535
59678 60409 62210 65535
61011 60470 60652 65535
61268 60550 61817 65535
61370 60111 61560 65535
60909 60645 62270 65535
60551 60828 62270 65535
60909 60909 60909 65535
62066 47237 47121 65535
60192 61099 61817 65535
62518 41804 40090 65535
61782 61417 60516 65535
61166 60990 62074 65535
62704 59995 60909 65535
61423 61247 62331 65535
61937 61849 62391 65535
62039 61233 63041 65535
61477 62384 63102 65535
62965 62877 63419 65535
63785 62160 62708 65535
60808 60909 63435 65535
63324 62959 62058 65535
29197 58428 64435 65535
29866 59198 65535 65535
63324 62518 64326 65535
65535 54368 42341 65535
63479 63479 63479 65535
65535 59812 58762 65535
309 65535
64561 65535 64825 65535
65535 50393 48692 65535
65535
